<?xml version="1.0" encoding="UTF-8"?>
<!-- Generated by org.testng.reporters.JUnitXMLReporter -->
<testsuite hostname="NISB-TSS-P5243" ignored="0" name="Test" tests="3" failures="1" timestamp="25 Apr 2019 22:13:40 GMT" time="0.053" errors="0">
  <testcase name="Test1" time="0.011" classname="test.test"/>
  <testcase name="Test2" time="0.003" classname="test.test">
    <failure type="java.lang.AssertionError" message="expected [10] but found [20]">
      <![CDATA[java.lang.AssertionError: expected [10] but found [20]
at test.test.Test2(test.java:31)
... Removed 31 stack frames]]>
    </failure>
  </testcase> <!-- Test2 -->
  <testcase name="Test3" time="0.002" classname="test.test"/>
</testsuite> <!-- Test -->
